Compiling the C compiler identification source file "CMakeCCompilerId.c" failed.
Compiler: /usr/bin/cc 
Build flags: 
Id flags:  

The output was:
1
/usr/bin/ld: final link failed: Operation not supported
collect2: error: ld returned 1 exit status


Compiling the C compiler identification source file "CMakeCCompilerId.c" failed.
Compiler: /usr/bin/cc 
Build flags: 
Id flags: -c 

The output was:
1
/tmp/cc5yVAoq.s: Assembler messages:
/tmp/cc5yVAoq.s: Fatal error: can't write 145 bytes to section .text of CMakeCCompilerId.o: 'Operation not supported'
/tmp/cc5yVAoq.s: Fatal error: can't close CMakeCCompilerId.o: Operation not supported


Compiling the C compiler identification source file "CMakeCCompilerId.c" failed.
Compiler: /usr/bin/cc 
Build flags: 
Id flags: -Aa 

The output was:
1
<command-line>: error: missing '(' after predicate


Compiling the C compiler identification source file "CMakeCCompilerId.c" failed.
Compiler: /usr/bin/cc 
Build flags: 
Id flags: -D__CLASSIC_C__ 

The output was:
1
/usr/bin/ld: final link failed: Operation not supported
collect2: error: ld returned 1 exit status


Compiling the C compiler identification source file "CMakeCCompilerId.c" failed.
Compiler: /usr/bin/cc 
Build flags: 
Id flags: --target=arm-arm-none-eabi;-mcpu=cortex-m3 

The output was:
1
cc: warning: ‘-mcpu=’ is deprecated; use ‘-mtune=’ or ‘-march=’ instead
cc: error: unrecognized command line option ‘--target=arm-arm-none-eabi’


Compiling the C compiler identification source file "CMakeCCompilerId.c" failed.
Compiler: /usr/bin/cc 
Build flags: 
Id flags:  

The output was:
1
/usr/bin/ld: final link failed: Operation not supported
collect2: error: ld returned 1 exit status


Compiling the C compiler identification source file "CMakeCCompilerId.c" failed.
Compiler: /usr/bin/cc 
Build flags: 
Id flags: -c 

The output was:
1
/tmp/ccA3p7Ja.s: Assembler messages:
/tmp/ccA3p7Ja.s: Fatal error: can't write 145 bytes to section .text of CMakeCCompilerId.o: 'Operation not supported'
/tmp/ccA3p7Ja.s: Fatal error: can't close CMakeCCompilerId.o: Operation not supported


Compiling the C compiler identification source file "CMakeCCompilerId.c" failed.
Compiler: /usr/bin/cc 
Build flags: 
Id flags: -Aa 

The output was:
1
<command-line>: error: missing '(' after predicate


Compiling the C compiler identification source file "CMakeCCompilerId.c" failed.
Compiler: /usr/bin/cc 
Build flags: 
Id flags: -D__CLASSIC_C__ 

The output was:
1
/usr/bin/ld: final link failed: Operation not supported
collect2: error: ld returned 1 exit status


Compiling the C compiler identification source file "CMakeCCompilerId.c" failed.
Compiler: /usr/bin/cc 
Build flags: 
Id flags: --target=arm-arm-none-eabi;-mcpu=cortex-m3 

The output was:
1
cc: warning: ‘-mcpu=’ is deprecated; use ‘-mtune=’ or ‘-march=’ instead
cc: error: unrecognized command line option ‘--target=arm-arm-none-eabi’


Checking whether the C compiler is IAR using "" did not match "IAR .+ Compiler":
cc: fatal error: no input files
compilation terminated.
Checking whether the C compiler is IAR using "" did not match "IAR .+ Compiler":
cc: fatal error: no input files
compilation terminated.
Compiling the CXX compiler identification source file "CMakeCXXCompilerId.cpp" failed.
Compiler: /usr/bin/c++ 
Build flags: 
Id flags:  

The output was:
1
/usr/bin/ld: final link failed: Operation not supported
collect2: error: ld returned 1 exit status


Compiling the CXX compiler identification source file "CMakeCXXCompilerId.cpp" failed.
Compiler: /usr/bin/c++ 
Build flags: 
Id flags: -c 

The output was:
1
/tmp/ccjlEvqY.s: Assembler messages:
/tmp/ccjlEvqY.s: Fatal error: can't write 121 bytes to section .text of CMakeCXXCompilerId.o: 'Operation not supported'
/tmp/ccjlEvqY.s: Fatal error: can't close CMakeCXXCompilerId.o: Operation not supported


Compiling the CXX compiler identification source file "CMakeCXXCompilerId.cpp" failed.
Compiler: /usr/bin/c++ 
Build flags: 
Id flags: --c++ 

The output was:
1
c++: error: unrecognized command line option ‘--c++’


Compiling the CXX compiler identification source file "CMakeCXXCompilerId.cpp" failed.
Compiler: /usr/bin/c++ 
Build flags: 
Id flags: --ec++ 

The output was:
1
c++: error: unrecognized command line option ‘--ec++’; did you mean ‘-Weffc++’?


Compiling the CXX compiler identification source file "CMakeCXXCompilerId.cpp" failed.
Compiler: /usr/bin/c++ 
Build flags: 
Id flags: --target=arm-arm-none-eabi;-mcpu=cortex-m3 

The output was:
1
c++: warning: ‘-mcpu=’ is deprecated; use ‘-mtune=’ or ‘-march=’ instead
c++: error: unrecognized command line option ‘--target=arm-arm-none-eabi’


Compiling the CXX compiler identification source file "CMakeCXXCompilerId.cpp" failed.
Compiler: /usr/bin/c++ 
Build flags: 
Id flags:  

The output was:
1
/usr/bin/ld: final link failed: Operation not supported
collect2: error: ld returned 1 exit status


Compiling the CXX compiler identification source file "CMakeCXXCompilerId.cpp" failed.
Compiler: /usr/bin/c++ 
Build flags: 
Id flags: -c 

The output was:
1
/tmp/ccFzHTyY.s: Assembler messages:
/tmp/ccFzHTyY.s: Fatal error: can't write 121 bytes to section .text of CMakeCXXCompilerId.o: 'Operation not supported'
/tmp/ccFzHTyY.s: Fatal error: can't close CMakeCXXCompilerId.o: Operation not supported


Compiling the CXX compiler identification source file "CMakeCXXCompilerId.cpp" failed.
Compiler: /usr/bin/c++ 
Build flags: 
Id flags: --c++ 

The output was:
1
c++: error: unrecognized command line option ‘--c++’


Compiling the CXX compiler identification source file "CMakeCXXCompilerId.cpp" failed.
Compiler: /usr/bin/c++ 
Build flags: 
Id flags: --ec++ 

The output was:
1
c++: error: unrecognized command line option ‘--ec++’; did you mean ‘-Weffc++’?


Compiling the CXX compiler identification source file "CMakeCXXCompilerId.cpp" failed.
Compiler: /usr/bin/c++ 
Build flags: 
Id flags: --target=arm-arm-none-eabi;-mcpu=cortex-m3 

The output was:
1
c++: warning: ‘-mcpu=’ is deprecated; use ‘-mtune=’ or ‘-march=’ instead
c++: error: unrecognized command line option ‘--target=arm-arm-none-eabi’


Checking whether the CXX compiler is IAR using "" did not match "IAR .+ Compiler":
c++: fatal error: no input files
compilation terminated.
Checking whether the CXX compiler is IAR using "" did not match "IAR .+ Compiler":
c++: fatal error: no input files
compilation terminated.
Determining if the C compiler works failed with the following output:
Change Dir: /run/user/1000/gvfs/smb-share:server=192.168.1.31,share=catkin_towing1/src/sti_control/build/CMakeFiles/CMakeTmp

Run Build Command(s):/usr/bin/ninja cmTC_bed72 && [1/2] Building C object CMakeFiles/cmTC_bed72.dir/testCCompiler.c.o
FAILED: CMakeFiles/cmTC_bed72.dir/testCCompiler.c.o 
/usr/bin/cc    -o CMakeFiles/cmTC_bed72.dir/testCCompiler.c.o   -c testCCompiler.c
/tmp/ccRIWnrd.s: Assembler messages:
/tmp/ccRIWnrd.s: Fatal error: can't write 23 bytes to section .text of CMakeFiles/cmTC_bed72.dir/testCCompiler.c.o: 'Operation not supported'
/tmp/ccRIWnrd.s: Fatal error: can't close CMakeFiles/cmTC_bed72.dir/testCCompiler.c.o: Operation not supported
ninja: build stopped: subcommand failed.



Compiling the C compiler identification source file "CMakeCCompilerId.c" failed.
Compiler: /usr/bin/cc 
Build flags: 
Id flags:  

The output was:
1
/usr/bin/ld: final link failed: Operation not supported
collect2: error: ld returned 1 exit status


Compiling the C compiler identification source file "CMakeCCompilerId.c" failed.
Compiler: /usr/bin/cc 
Build flags: 
Id flags: -c 

The output was:
1
/tmp/ccTs19Mp.s: Assembler messages:
/tmp/ccTs19Mp.s: Fatal error: can't write 145 bytes to section .text of CMakeCCompilerId.o: 'Operation not supported'
/tmp/ccTs19Mp.s: Fatal error: can't close CMakeCCompilerId.o: Operation not supported


Compiling the C compiler identification source file "CMakeCCompilerId.c" failed.
Compiler: /usr/bin/cc 
Build flags: 
Id flags: -Aa 

The output was:
1
<command-line>: error: missing '(' after predicate


Compiling the C compiler identification source file "CMakeCCompilerId.c" failed.
Compiler: /usr/bin/cc 
Build flags: 
Id flags: -D__CLASSIC_C__ 

The output was:
1
/usr/bin/ld: final link failed: Operation not supported
collect2: error: ld returned 1 exit status


Compiling the C compiler identification source file "CMakeCCompilerId.c" failed.
Compiler: /usr/bin/cc 
Build flags: 
Id flags: --target=arm-arm-none-eabi;-mcpu=cortex-m3 

The output was:
1
cc: warning: ‘-mcpu=’ is deprecated; use ‘-mtune=’ or ‘-march=’ instead
cc: error: unrecognized command line option ‘--target=arm-arm-none-eabi’


Compiling the C compiler identification source file "CMakeCCompilerId.c" failed.
Compiler: /usr/bin/cc 
Build flags: 
Id flags:  

The output was:
1
/usr/bin/ld: final link failed: Operation not supported
collect2: error: ld returned 1 exit status


Compiling the C compiler identification source file "CMakeCCompilerId.c" failed.
Compiler: /usr/bin/cc 
Build flags: 
Id flags: -c 

The output was:
1
/tmp/ccYkeL5i.s: Assembler messages:
/tmp/ccYkeL5i.s: Fatal error: can't write 145 bytes to section .text of CMakeCCompilerId.o: 'Operation not supported'
/tmp/ccYkeL5i.s: Fatal error: can't close CMakeCCompilerId.o: Operation not supported


Compiling the C compiler identification source file "CMakeCCompilerId.c" failed.
Compiler: /usr/bin/cc 
Build flags: 
Id flags: -Aa 

The output was:
1
<command-line>: error: missing '(' after predicate


Compiling the C compiler identification source file "CMakeCCompilerId.c" failed.
Compiler: /usr/bin/cc 
Build flags: 
Id flags: -D__CLASSIC_C__ 

The output was:
1
/usr/bin/ld: final link failed: Operation not supported
collect2: error: ld returned 1 exit status


Compiling the C compiler identification source file "CMakeCCompilerId.c" failed.
Compiler: /usr/bin/cc 
Build flags: 
Id flags: --target=arm-arm-none-eabi;-mcpu=cortex-m3 

The output was:
1
cc: warning: ‘-mcpu=’ is deprecated; use ‘-mtune=’ or ‘-march=’ instead
cc: error: unrecognized command line option ‘--target=arm-arm-none-eabi’


Checking whether the C compiler is IAR using "" did not match "IAR .+ Compiler":
cc: fatal error: no input files
compilation terminated.
Checking whether the C compiler is IAR using "" did not match "IAR .+ Compiler":
cc: fatal error: no input files
compilation terminated.
Compiling the CXX compiler identification source file "CMakeCXXCompilerId.cpp" failed.
Compiler: /usr/bin/c++ 
Build flags: 
Id flags:  

The output was:
1
/usr/bin/ld: final link failed: Operation not supported
collect2: error: ld returned 1 exit status


Compiling the CXX compiler identification source file "CMakeCXXCompilerId.cpp" failed.
Compiler: /usr/bin/c++ 
Build flags: 
Id flags: -c 

The output was:
1
/tmp/ccDd7l9K.s: Assembler messages:
/tmp/ccDd7l9K.s: Fatal error: can't write 121 bytes to section .text of CMakeCXXCompilerId.o: 'Operation not supported'
/tmp/ccDd7l9K.s: Fatal error: can't close CMakeCXXCompilerId.o: Operation not supported


Compiling the CXX compiler identification source file "CMakeCXXCompilerId.cpp" failed.
Compiler: /usr/bin/c++ 
Build flags: 
Id flags: --c++ 

The output was:
1
c++: error: unrecognized command line option ‘--c++’


Compiling the CXX compiler identification source file "CMakeCXXCompilerId.cpp" failed.
Compiler: /usr/bin/c++ 
Build flags: 
Id flags: --ec++ 

The output was:
1
c++: error: unrecognized command line option ‘--ec++’; did you mean ‘-Weffc++’?


Compiling the CXX compiler identification source file "CMakeCXXCompilerId.cpp" failed.
Compiler: /usr/bin/c++ 
Build flags: 
Id flags: --target=arm-arm-none-eabi;-mcpu=cortex-m3 

The output was:
1
c++: warning: ‘-mcpu=’ is deprecated; use ‘-mtune=’ or ‘-march=’ instead
c++: error: unrecognized command line option ‘--target=arm-arm-none-eabi’


Compiling the CXX compiler identification source file "CMakeCXXCompilerId.cpp" failed.
Compiler: /usr/bin/c++ 
Build flags: 
Id flags:  

The output was:
1
/usr/bin/ld: final link failed: Operation not supported
collect2: error: ld returned 1 exit status


Compiling the CXX compiler identification source file "CMakeCXXCompilerId.cpp" failed.
Compiler: /usr/bin/c++ 
Build flags: 
Id flags: -c 

The output was:
1
/tmp/ccFAjFNE.s: Assembler messages:
/tmp/ccFAjFNE.s: Fatal error: can't write 121 bytes to section .text of CMakeCXXCompilerId.o: 'Operation not supported'
/tmp/ccFAjFNE.s: Fatal error: can't close CMakeCXXCompilerId.o: Operation not supported


Compiling the CXX compiler identification source file "CMakeCXXCompilerId.cpp" failed.
Compiler: /usr/bin/c++ 
Build flags: 
Id flags: --c++ 

The output was:
1
c++: error: unrecognized command line option ‘--c++’


Compiling the CXX compiler identification source file "CMakeCXXCompilerId.cpp" failed.
Compiler: /usr/bin/c++ 
Build flags: 
Id flags: --ec++ 

The output was:
1
c++: error: unrecognized command line option ‘--ec++’; did you mean ‘-Weffc++’?


Compiling the CXX compiler identification source file "CMakeCXXCompilerId.cpp" failed.
Compiler: /usr/bin/c++ 
Build flags: 
Id flags: --target=arm-arm-none-eabi;-mcpu=cortex-m3 

The output was:
1
c++: warning: ‘-mcpu=’ is deprecated; use ‘-mtune=’ or ‘-march=’ instead
c++: error: unrecognized command line option ‘--target=arm-arm-none-eabi’


Checking whether the CXX compiler is IAR using "" did not match "IAR .+ Compiler":
c++: fatal error: no input files
compilation terminated.
Checking whether the CXX compiler is IAR using "" did not match "IAR .+ Compiler":
c++: fatal error: no input files
compilation terminated.
Determining if the C compiler works failed with the following output:
Change Dir: /run/user/1000/gvfs/smb-share:server=192.168.1.31,share=catkin_towing1/src/sti_control/build/CMakeFiles/CMakeTmp

Run Build Command(s):/usr/bin/ninja cmTC_043d2 && [1/2] Building C object CMakeFiles/cmTC_043d2.dir/testCCompiler.c.o
FAILED: CMakeFiles/cmTC_043d2.dir/testCCompiler.c.o 
/usr/bin/cc    -o CMakeFiles/cmTC_043d2.dir/testCCompiler.c.o   -c testCCompiler.c
/tmp/ccewUuCC.s: Assembler messages:
/tmp/ccewUuCC.s: Fatal error: can't write 23 bytes to section .text of CMakeFiles/cmTC_043d2.dir/testCCompiler.c.o: 'Operation not supported'
/tmp/ccewUuCC.s: Fatal error: can't close CMakeFiles/cmTC_043d2.dir/testCCompiler.c.o: Operation not supported
ninja: build stopped: subcommand failed.



Compiling the C compiler identification source file "CMakeCCompilerId.c" failed.
Compiler: /usr/bin/cc 
Build flags: 
Id flags:  

The output was:
1
/usr/bin/ld: final link failed: Operation not supported
collect2: error: ld returned 1 exit status


Compiling the C compiler identification source file "CMakeCCompilerId.c" failed.
Compiler: /usr/bin/cc 
Build flags: 
Id flags: -c 

The output was:
1
/tmp/cc2CTldz.s: Assembler messages:
/tmp/cc2CTldz.s: Fatal error: can't write 145 bytes to section .text of CMakeCCompilerId.o: 'Operation not supported'
/tmp/cc2CTldz.s: Fatal error: can't close CMakeCCompilerId.o: Operation not supported


Compiling the C compiler identification source file "CMakeCCompilerId.c" failed.
Compiler: /usr/bin/cc 
Build flags: 
Id flags: -Aa 

The output was:
1
<command-line>: error: missing '(' after predicate


Compiling the C compiler identification source file "CMakeCCompilerId.c" failed.
Compiler: /usr/bin/cc 
Build flags: 
Id flags: -D__CLASSIC_C__ 

The output was:
1
/usr/bin/ld: final link failed: Operation not supported
collect2: error: ld returned 1 exit status


Compiling the C compiler identification source file "CMakeCCompilerId.c" failed.
Compiler: /usr/bin/cc 
Build flags: 
Id flags: --target=arm-arm-none-eabi;-mcpu=cortex-m3 

The output was:
1
cc: warning: ‘-mcpu=’ is deprecated; use ‘-mtune=’ or ‘-march=’ instead
cc: error: unrecognized command line option ‘--target=arm-arm-none-eabi’


Compiling the C compiler identification source file "CMakeCCompilerId.c" failed.
Compiler: /usr/bin/cc 
Build flags: 
Id flags:  

The output was:
1
/usr/bin/ld: final link failed: Operation not supported
collect2: error: ld returned 1 exit status


Compiling the C compiler identification source file "CMakeCCompilerId.c" failed.
Compiler: /usr/bin/cc 
Build flags: 
Id flags: -c 

The output was:
1
/tmp/ccnJ71eT.s: Assembler messages:
/tmp/ccnJ71eT.s: Fatal error: can't write 145 bytes to section .text of CMakeCCompilerId.o: 'Operation not supported'
/tmp/ccnJ71eT.s: Fatal error: can't close CMakeCCompilerId.o: Operation not supported


Compiling the C compiler identification source file "CMakeCCompilerId.c" failed.
Compiler: /usr/bin/cc 
Build flags: 
Id flags: -Aa 

The output was:
1
<command-line>: error: missing '(' after predicate


Compiling the C compiler identification source file "CMakeCCompilerId.c" failed.
Compiler: /usr/bin/cc 
Build flags: 
Id flags: -D__CLASSIC_C__ 

The output was:
1
/usr/bin/ld: final link failed: Operation not supported
collect2: error: ld returned 1 exit status


Compiling the C compiler identification source file "CMakeCCompilerId.c" failed.
Compiler: /usr/bin/cc 
Build flags: 
Id flags: --target=arm-arm-none-eabi;-mcpu=cortex-m3 

The output was:
1
cc: warning: ‘-mcpu=’ is deprecated; use ‘-mtune=’ or ‘-march=’ instead
cc: error: unrecognized command line option ‘--target=arm-arm-none-eabi’


Checking whether the C compiler is IAR using "" did not match "IAR .+ Compiler":
cc: fatal error: no input files
compilation terminated.
Checking whether the C compiler is IAR using "" did not match "IAR .+ Compiler":
cc: fatal error: no input files
compilation terminated.
Compiling the CXX compiler identification source file "CMakeCXXCompilerId.cpp" failed.
Compiler: /usr/bin/c++ 
Build flags: 
Id flags:  

The output was:
1
/usr/bin/ld: final link failed: Operation not supported
collect2: error: ld returned 1 exit status


Compiling the CXX compiler identification source file "CMakeCXXCompilerId.cpp" failed.
Compiler: /usr/bin/c++ 
Build flags: 
Id flags: -c 

The output was:
1
/tmp/ccRQbSxW.s: Assembler messages:
/tmp/ccRQbSxW.s: Fatal error: can't write 121 bytes to section .text of CMakeCXXCompilerId.o: 'Operation not supported'
/tmp/ccRQbSxW.s: Fatal error: can't close CMakeCXXCompilerId.o: Operation not supported


Compiling the CXX compiler identification source file "CMakeCXXCompilerId.cpp" failed.
Compiler: /usr/bin/c++ 
Build flags: 
Id flags: --c++ 

The output was:
1
c++: error: unrecognized command line option ‘--c++’


Compiling the CXX compiler identification source file "CMakeCXXCompilerId.cpp" failed.
Compiler: /usr/bin/c++ 
Build flags: 
Id flags: --ec++ 

The output was:
1
c++: error: unrecognized command line option ‘--ec++’; did you mean ‘-Weffc++’?


Compiling the CXX compiler identification source file "CMakeCXXCompilerId.cpp" failed.
Compiler: /usr/bin/c++ 
Build flags: 
Id flags: --target=arm-arm-none-eabi;-mcpu=cortex-m3 

The output was:
1
c++: warning: ‘-mcpu=’ is deprecated; use ‘-mtune=’ or ‘-march=’ instead
c++: error: unrecognized command line option ‘--target=arm-arm-none-eabi’


Compiling the CXX compiler identification source file "CMakeCXXCompilerId.cpp" failed.
Compiler: /usr/bin/c++ 
Build flags: 
Id flags:  

The output was:
1
/usr/bin/ld: final link failed: Operation not supported
collect2: error: ld returned 1 exit status


Compiling the CXX compiler identification source file "CMakeCXXCompilerId.cpp" failed.
Compiler: /usr/bin/c++ 
Build flags: 
Id flags: -c 

The output was:
1
/tmp/ccvWGIDR.s: Assembler messages:
/tmp/ccvWGIDR.s: Fatal error: can't write 121 bytes to section .text of CMakeCXXCompilerId.o: 'Operation not supported'
/tmp/ccvWGIDR.s: Fatal error: can't close CMakeCXXCompilerId.o: Operation not supported


Compiling the CXX compiler identification source file "CMakeCXXCompilerId.cpp" failed.
Compiler: /usr/bin/c++ 
Build flags: 
Id flags: --c++ 

The output was:
1
c++: error: unrecognized command line option ‘--c++’


Compiling the CXX compiler identification source file "CMakeCXXCompilerId.cpp" failed.
Compiler: /usr/bin/c++ 
Build flags: 
Id flags: --ec++ 

The output was:
1
c++: error: unrecognized command line option ‘--ec++’; did you mean ‘-Weffc++’?


Compiling the CXX compiler identification source file "CMakeCXXCompilerId.cpp" failed.
Compiler: /usr/bin/c++ 
Build flags: 
Id flags: --target=arm-arm-none-eabi;-mcpu=cortex-m3 

The output was:
1
c++: warning: ‘-mcpu=’ is deprecated; use ‘-mtune=’ or ‘-march=’ instead
c++: error: unrecognized command line option ‘--target=arm-arm-none-eabi’


Checking whether the CXX compiler is IAR using "" did not match "IAR .+ Compiler":
c++: fatal error: no input files
compilation terminated.
Checking whether the CXX compiler is IAR using "" did not match "IAR .+ Compiler":
c++: fatal error: no input files
compilation terminated.
Determining if the C compiler works failed with the following output:
Change Dir: /run/user/1000/gvfs/smb-share:server=192.168.1.31,share=catkin_towing1/src/sti_control/build/CMakeFiles/CMakeTmp

Run Build Command(s):/usr/bin/ninja cmTC_79710 && [1/2] Building C object CMakeFiles/cmTC_79710.dir/testCCompiler.c.o
FAILED: CMakeFiles/cmTC_79710.dir/testCCompiler.c.o 
/usr/bin/cc    -o CMakeFiles/cmTC_79710.dir/testCCompiler.c.o   -c testCCompiler.c
/tmp/ccpErmpM.s: Assembler messages:
/tmp/ccpErmpM.s: Fatal error: can't write 23 bytes to section .text of CMakeFiles/cmTC_79710.dir/testCCompiler.c.o: 'Operation not supported'
/tmp/ccpErmpM.s: Fatal error: can't close CMakeFiles/cmTC_79710.dir/testCCompiler.c.o: Operation not supported
ninja: build stopped: subcommand failed.



Compiling the C compiler identification source file "CMakeCCompilerId.c" failed.
Compiler: /usr/bin/cc 
Build flags: 
Id flags:  

The output was:
1
/usr/bin/ld: final link failed: Operation not supported
collect2: error: ld returned 1 exit status


Compiling the C compiler identification source file "CMakeCCompilerId.c" failed.
Compiler: /usr/bin/cc 
Build flags: 
Id flags: -c 

The output was:
1
/tmp/cc5vNaM0.s: Assembler messages:
/tmp/cc5vNaM0.s: Fatal error: can't write 145 bytes to section .text of CMakeCCompilerId.o: 'Operation not supported'
/tmp/cc5vNaM0.s: Fatal error: can't close CMakeCCompilerId.o: Operation not supported


Compiling the C compiler identification source file "CMakeCCompilerId.c" failed.
Compiler: /usr/bin/cc 
Build flags: 
Id flags: -Aa 

The output was:
1
<command-line>: error: missing '(' after predicate


Compiling the C compiler identification source file "CMakeCCompilerId.c" failed.
Compiler: /usr/bin/cc 
Build flags: 
Id flags: -D__CLASSIC_C__ 

The output was:
1
/usr/bin/ld: final link failed: Operation not supported
collect2: error: ld returned 1 exit status


Compiling the C compiler identification source file "CMakeCCompilerId.c" failed.
Compiler: /usr/bin/cc 
Build flags: 
Id flags: --target=arm-arm-none-eabi;-mcpu=cortex-m3 

The output was:
1
cc: warning: ‘-mcpu=’ is deprecated; use ‘-mtune=’ or ‘-march=’ instead
cc: error: unrecognized command line option ‘--target=arm-arm-none-eabi’


Compiling the C compiler identification source file "CMakeCCompilerId.c" failed.
Compiler: /usr/bin/cc 
Build flags: 
Id flags:  

The output was:
1
/usr/bin/ld: final link failed: Operation not supported
collect2: error: ld returned 1 exit status


Compiling the C compiler identification source file "CMakeCCompilerId.c" failed.
Compiler: /usr/bin/cc 
Build flags: 
Id flags: -c 

The output was:
1
/tmp/ccYWCqTB.s: Assembler messages:
/tmp/ccYWCqTB.s: Fatal error: can't write 145 bytes to section .text of CMakeCCompilerId.o: 'Operation not supported'
/tmp/ccYWCqTB.s: Fatal error: can't close CMakeCCompilerId.o: Operation not supported


Compiling the C compiler identification source file "CMakeCCompilerId.c" failed.
Compiler: /usr/bin/cc 
Build flags: 
Id flags: -Aa 

The output was:
1
<command-line>: error: missing '(' after predicate


Compiling the C compiler identification source file "CMakeCCompilerId.c" failed.
Compiler: /usr/bin/cc 
Build flags: 
Id flags: -D__CLASSIC_C__ 

The output was:
1
/usr/bin/ld: final link failed: Operation not supported
collect2: error: ld returned 1 exit status


Compiling the C compiler identification source file "CMakeCCompilerId.c" failed.
Compiler: /usr/bin/cc 
Build flags: 
Id flags: --target=arm-arm-none-eabi;-mcpu=cortex-m3 

The output was:
1
cc: warning: ‘-mcpu=’ is deprecated; use ‘-mtune=’ or ‘-march=’ instead
cc: error: unrecognized command line option ‘--target=arm-arm-none-eabi’


Checking whether the C compiler is IAR using "" did not match "IAR .+ Compiler":
cc: fatal error: no input files
compilation terminated.
Checking whether the C compiler is IAR using "" did not match "IAR .+ Compiler":
cc: fatal error: no input files
compilation terminated.
Compiling the CXX compiler identification source file "CMakeCXXCompilerId.cpp" failed.
Compiler: /usr/bin/c++ 
Build flags: 
Id flags:  

The output was:
1
/usr/bin/ld: final link failed: Operation not supported
collect2: error: ld returned 1 exit status


Compiling the CXX compiler identification source file "CMakeCXXCompilerId.cpp" failed.
Compiler: /usr/bin/c++ 
Build flags: 
Id flags: -c 

The output was:
1
/tmp/cctitPu3.s: Assembler messages:
/tmp/cctitPu3.s: Fatal error: can't write 121 bytes to section .text of CMakeCXXCompilerId.o: 'Operation not supported'
/tmp/cctitPu3.s: Fatal error: can't close CMakeCXXCompilerId.o: Operation not supported


Compiling the CXX compiler identification source file "CMakeCXXCompilerId.cpp" failed.
Compiler: /usr/bin/c++ 
Build flags: 
Id flags: --c++ 

The output was:
1
c++: error: unrecognized command line option ‘--c++’


Compiling the CXX compiler identification source file "CMakeCXXCompilerId.cpp" failed.
Compiler: /usr/bin/c++ 
Build flags: 
Id flags: --ec++ 

The output was:
1
c++: error: unrecognized command line option ‘--ec++’; did you mean ‘-Weffc++’?


Compiling the CXX compiler identification source file "CMakeCXXCompilerId.cpp" failed.
Compiler: /usr/bin/c++ 
Build flags: 
Id flags: --target=arm-arm-none-eabi;-mcpu=cortex-m3 

The output was:
1
c++: warning: ‘-mcpu=’ is deprecated; use ‘-mtune=’ or ‘-march=’ instead
c++: error: unrecognized command line option ‘--target=arm-arm-none-eabi’


Compiling the CXX compiler identification source file "CMakeCXXCompilerId.cpp" failed.
Compiler: /usr/bin/c++ 
Build flags: 
Id flags:  

The output was:
1
/usr/bin/ld: final link failed: Operation not supported
collect2: error: ld returned 1 exit status


Compiling the CXX compiler identification source file "CMakeCXXCompilerId.cpp" failed.
Compiler: /usr/bin/c++ 
Build flags: 
Id flags: -c 

The output was:
1
/tmp/ccrtrmH5.s: Assembler messages:
/tmp/ccrtrmH5.s: Fatal error: can't write 121 bytes to section .text of CMakeCXXCompilerId.o: 'Operation not supported'
/tmp/ccrtrmH5.s: Fatal error: can't close CMakeCXXCompilerId.o: Operation not supported


Compiling the CXX compiler identification source file "CMakeCXXCompilerId.cpp" failed.
Compiler: /usr/bin/c++ 
Build flags: 
Id flags: --c++ 

The output was:
1
c++: error: unrecognized command line option ‘--c++’


Compiling the CXX compiler identification source file "CMakeCXXCompilerId.cpp" failed.
Compiler: /usr/bin/c++ 
Build flags: 
Id flags: --ec++ 

The output was:
1
c++: error: unrecognized command line option ‘--ec++’; did you mean ‘-Weffc++’?


Compiling the CXX compiler identification source file "CMakeCXXCompilerId.cpp" failed.
Compiler: /usr/bin/c++ 
Build flags: 
Id flags: --target=arm-arm-none-eabi;-mcpu=cortex-m3 

The output was:
1
c++: warning: ‘-mcpu=’ is deprecated; use ‘-mtune=’ or ‘-march=’ instead
c++: error: unrecognized command line option ‘--target=arm-arm-none-eabi’


Checking whether the CXX compiler is IAR using "" did not match "IAR .+ Compiler":
c++: fatal error: no input files
compilation terminated.
Checking whether the CXX compiler is IAR using "" did not match "IAR .+ Compiler":
c++: fatal error: no input files
compilation terminated.
Determining if the C compiler works failed with the following output:
Change Dir: /run/user/1000/gvfs/smb-share:server=192.168.1.31,share=catkin_towing1/src/sti_control/build/CMakeFiles/CMakeTmp

Run Build Command(s):/usr/bin/ninja cmTC_f60ed && [1/2] Building C object CMakeFiles/cmTC_f60ed.dir/testCCompiler.c.o
FAILED: CMakeFiles/cmTC_f60ed.dir/testCCompiler.c.o 
/usr/bin/cc    -o CMakeFiles/cmTC_f60ed.dir/testCCompiler.c.o   -c testCCompiler.c
/tmp/ccODSZG9.s: Assembler messages:
/tmp/ccODSZG9.s: Fatal error: can't write 23 bytes to section .text of CMakeFiles/cmTC_f60ed.dir/testCCompiler.c.o: 'Operation not supported'
/tmp/ccODSZG9.s: Fatal error: can't close CMakeFiles/cmTC_f60ed.dir/testCCompiler.c.o: Operation not supported
ninja: build stopped: subcommand failed.



Compiling the C compiler identification source file "CMakeCCompilerId.c" failed.
Compiler: /usr/bin/cc 
Build flags: 
Id flags:  

The output was:
1
/usr/bin/ld: final link failed: Operation not supported
collect2: error: ld returned 1 exit status


Compiling the C compiler identification source file "CMakeCCompilerId.c" failed.
Compiler: /usr/bin/cc 
Build flags: 
Id flags: -c 

The output was:
1
/tmp/ccrTtsum.s: Assembler messages:
/tmp/ccrTtsum.s: Fatal error: can't write 145 bytes to section .text of CMakeCCompilerId.o: 'Operation not supported'
/tmp/ccrTtsum.s: Fatal error: can't close CMakeCCompilerId.o: Operation not supported


Compiling the C compiler identification source file "CMakeCCompilerId.c" failed.
Compiler: /usr/bin/cc 
Build flags: 
Id flags: -Aa 

The output was:
1
<command-line>: error: missing '(' after predicate


Compiling the C compiler identification source file "CMakeCCompilerId.c" failed.
Compiler: /usr/bin/cc 
Build flags: 
Id flags: -D__CLASSIC_C__ 

The output was:
1
/usr/bin/ld: final link failed: Operation not supported
collect2: error: ld returned 1 exit status


Compiling the C compiler identification source file "CMakeCCompilerId.c" failed.
Compiler: /usr/bin/cc 
Build flags: 
Id flags: --target=arm-arm-none-eabi;-mcpu=cortex-m3 

The output was:
1
cc: warning: ‘-mcpu=’ is deprecated; use ‘-mtune=’ or ‘-march=’ instead
cc: error: unrecognized command line option ‘--target=arm-arm-none-eabi’


Compiling the C compiler identification source file "CMakeCCompilerId.c" failed.
Compiler: /usr/bin/cc 
Build flags: 
Id flags:  

The output was:
1
/usr/bin/ld: final link failed: Operation not supported
collect2: error: ld returned 1 exit status


Compiling the C compiler identification source file "CMakeCCompilerId.c" failed.
Compiler: /usr/bin/cc 
Build flags: 
Id flags: -c 

The output was:
1
/tmp/ccOHDRhn.s: Assembler messages:
/tmp/ccOHDRhn.s: Fatal error: can't write 145 bytes to section .text of CMakeCCompilerId.o: 'Operation not supported'
/tmp/ccOHDRhn.s: Fatal error: can't close CMakeCCompilerId.o: Operation not supported


Compiling the C compiler identification source file "CMakeCCompilerId.c" failed.
Compiler: /usr/bin/cc 
Build flags: 
Id flags: -Aa 

The output was:
1
<command-line>: error: missing '(' after predicate


Compiling the C compiler identification source file "CMakeCCompilerId.c" failed.
Compiler: /usr/bin/cc 
Build flags: 
Id flags: -D__CLASSIC_C__ 

The output was:
1
/usr/bin/ld: final link failed: Operation not supported
collect2: error: ld returned 1 exit status


Compiling the C compiler identification source file "CMakeCCompilerId.c" failed.
Compiler: /usr/bin/cc 
Build flags: 
Id flags: --target=arm-arm-none-eabi;-mcpu=cortex-m3 

The output was:
1
cc: warning: ‘-mcpu=’ is deprecated; use ‘-mtune=’ or ‘-march=’ instead
cc: error: unrecognized command line option ‘--target=arm-arm-none-eabi’


Checking whether the C compiler is IAR using "" did not match "IAR .+ Compiler":
cc: fatal error: no input files
compilation terminated.
Checking whether the C compiler is IAR using "" did not match "IAR .+ Compiler":
cc: fatal error: no input files
compilation terminated.
Compiling the CXX compiler identification source file "CMakeCXXCompilerId.cpp" failed.
Compiler: /usr/bin/c++ 
Build flags: 
Id flags:  

The output was:
1
/usr/bin/ld: final link failed: Operation not supported
collect2: error: ld returned 1 exit status


Compiling the CXX compiler identification source file "CMakeCXXCompilerId.cpp" failed.
Compiler: /usr/bin/c++ 
Build flags: 
Id flags: -c 

The output was:
1
/tmp/ccRWCVPl.s: Assembler messages:
/tmp/ccRWCVPl.s: Fatal error: can't write 121 bytes to section .text of CMakeCXXCompilerId.o: 'Operation not supported'
/tmp/ccRWCVPl.s: Fatal error: can't close CMakeCXXCompilerId.o: Operation not supported


Compiling the CXX compiler identification source file "CMakeCXXCompilerId.cpp" failed.
Compiler: /usr/bin/c++ 
Build flags: 
Id flags: --c++ 

The output was:
1
c++: error: unrecognized command line option ‘--c++’


Compiling the CXX compiler identification source file "CMakeCXXCompilerId.cpp" failed.
Compiler: /usr/bin/c++ 
Build flags: 
Id flags: --ec++ 

The output was:
1
c++: error: unrecognized command line option ‘--ec++’; did you mean ‘-Weffc++’?


Compiling the CXX compiler identification source file "CMakeCXXCompilerId.cpp" failed.
Compiler: /usr/bin/c++ 
Build flags: 
Id flags: --target=arm-arm-none-eabi;-mcpu=cortex-m3 

The output was:
1
c++: warning: ‘-mcpu=’ is deprecated; use ‘-mtune=’ or ‘-march=’ instead
c++: error: unrecognized command line option ‘--target=arm-arm-none-eabi’


Compiling the CXX compiler identification source file "CMakeCXXCompilerId.cpp" failed.
Compiler: /usr/bin/c++ 
Build flags: 
Id flags:  

The output was:
1
/usr/bin/ld: final link failed: Operation not supported
collect2: error: ld returned 1 exit status


Compiling the CXX compiler identification source file "CMakeCXXCompilerId.cpp" failed.
Compiler: /usr/bin/c++ 
Build flags: 
Id flags: -c 

The output was:
1
/tmp/ccHsYhXF.s: Assembler messages:
/tmp/ccHsYhXF.s: Fatal error: can't write 121 bytes to section .text of CMakeCXXCompilerId.o: 'Operation not supported'
/tmp/ccHsYhXF.s: Fatal error: can't close CMakeCXXCompilerId.o: Operation not supported


Compiling the CXX compiler identification source file "CMakeCXXCompilerId.cpp" failed.
Compiler: /usr/bin/c++ 
Build flags: 
Id flags: --c++ 

The output was:
1
c++: error: unrecognized command line option ‘--c++’


Compiling the CXX compiler identification source file "CMakeCXXCompilerId.cpp" failed.
Compiler: /usr/bin/c++ 
Build flags: 
Id flags: --ec++ 

The output was:
1
c++: error: unrecognized command line option ‘--ec++’; did you mean ‘-Weffc++’?


Compiling the CXX compiler identification source file "CMakeCXXCompilerId.cpp" failed.
Compiler: /usr/bin/c++ 
Build flags: 
Id flags: --target=arm-arm-none-eabi;-mcpu=cortex-m3 

The output was:
1
c++: warning: ‘-mcpu=’ is deprecated; use ‘-mtune=’ or ‘-march=’ instead
c++: error: unrecognized command line option ‘--target=arm-arm-none-eabi’


Checking whether the CXX compiler is IAR using "" did not match "IAR .+ Compiler":
c++: fatal error: no input files
compilation terminated.
Checking whether the CXX compiler is IAR using "" did not match "IAR .+ Compiler":
c++: fatal error: no input files
compilation terminated.
Determining if the C compiler works failed with the following output:
Change Dir: /run/user/1000/gvfs/smb-share:server=192.168.1.31,share=catkin_towing1/src/sti_control/build/CMakeFiles/CMakeTmp

Run Build Command(s):/usr/bin/ninja cmTC_57543 && [1/2] Building C object CMakeFiles/cmTC_57543.dir/testCCompiler.c.o
FAILED: CMakeFiles/cmTC_57543.dir/testCCompiler.c.o 
/usr/bin/cc    -o CMakeFiles/cmTC_57543.dir/testCCompiler.c.o   -c testCCompiler.c
/tmp/cc7SePOv.s: Assembler messages:
/tmp/cc7SePOv.s: Fatal error: can't write 23 bytes to section .text of CMakeFiles/cmTC_57543.dir/testCCompiler.c.o: 'Operation not supported'
/tmp/cc7SePOv.s: Fatal error: can't close CMakeFiles/cmTC_57543.dir/testCCompiler.c.o: Operation not supported
ninja: build stopped: subcommand failed.



Compiling the C compiler identification source file "CMakeCCompilerId.c" failed.
Compiler: /usr/bin/cc 
Build flags: 
Id flags:  

The output was:
1
/usr/bin/ld: final link failed: Operation not supported
collect2: error: ld returned 1 exit status


Compiling the C compiler identification source file "CMakeCCompilerId.c" failed.
Compiler: /usr/bin/cc 
Build flags: 
Id flags: -c 

The output was:
1
/tmp/ccEkOUl4.s: Assembler messages:
/tmp/ccEkOUl4.s: Fatal error: can't write 145 bytes to section .text of CMakeCCompilerId.o: 'Operation not supported'
/tmp/ccEkOUl4.s: Fatal error: can't close CMakeCCompilerId.o: Operation not supported


Compiling the C compiler identification source file "CMakeCCompilerId.c" failed.
Compiler: /usr/bin/cc 
Build flags: 
Id flags: -Aa 

The output was:
1
<command-line>: error: missing '(' after predicate


Compiling the C compiler identification source file "CMakeCCompilerId.c" failed.
Compiler: /usr/bin/cc 
Build flags: 
Id flags: -D__CLASSIC_C__ 

The output was:
1
/usr/bin/ld: final link failed: Operation not supported
collect2: error: ld returned 1 exit status


Compiling the C compiler identification source file "CMakeCCompilerId.c" failed.
Compiler: /usr/bin/cc 
Build flags: 
Id flags: --target=arm-arm-none-eabi;-mcpu=cortex-m3 

The output was:
1
cc: warning: ‘-mcpu=’ is deprecated; use ‘-mtune=’ or ‘-march=’ instead
cc: error: unrecognized command line option ‘--target=arm-arm-none-eabi’


Compiling the C compiler identification source file "CMakeCCompilerId.c" failed.
Compiler: /usr/bin/cc 
Build flags: 
Id flags:  

The output was:
1
/usr/bin/ld: final link failed: Operation not supported
collect2: error: ld returned 1 exit status


Compiling the C compiler identification source file "CMakeCCompilerId.c" failed.
Compiler: /usr/bin/cc 
Build flags: 
Id flags: -c 

The output was:
1
/tmp/cc7cefeG.s: Assembler messages:
/tmp/cc7cefeG.s: Fatal error: can't write 145 bytes to section .text of CMakeCCompilerId.o: 'Operation not supported'
/tmp/cc7cefeG.s: Fatal error: can't close CMakeCCompilerId.o: Operation not supported


Compiling the C compiler identification source file "CMakeCCompilerId.c" failed.
Compiler: /usr/bin/cc 
Build flags: 
Id flags: -Aa 

The output was:
1
<command-line>: error: missing '(' after predicate


Compiling the C compiler identification source file "CMakeCCompilerId.c" failed.
Compiler: /usr/bin/cc 
Build flags: 
Id flags: -D__CLASSIC_C__ 

The output was:
1
/usr/bin/ld: final link failed: Operation not supported
collect2: error: ld returned 1 exit status


Compiling the C compiler identification source file "CMakeCCompilerId.c" failed.
Compiler: /usr/bin/cc 
Build flags: 
Id flags: --target=arm-arm-none-eabi;-mcpu=cortex-m3 

The output was:
1
cc: warning: ‘-mcpu=’ is deprecated; use ‘-mtune=’ or ‘-march=’ instead
cc: error: unrecognized command line option ‘--target=arm-arm-none-eabi’


Checking whether the C compiler is IAR using "" did not match "IAR .+ Compiler":
cc: fatal error: no input files
compilation terminated.
Checking whether the C compiler is IAR using "" did not match "IAR .+ Compiler":
cc: fatal error: no input files
compilation terminated.
Compiling the CXX compiler identification source file "CMakeCXXCompilerId.cpp" failed.
Compiler: /usr/bin/c++ 
Build flags: 
Id flags:  

The output was:
1
/usr/bin/ld: final link failed: Operation not supported
collect2: error: ld returned 1 exit status


Compiling the CXX compiler identification source file "CMakeCXXCompilerId.cpp" failed.
Compiler: /usr/bin/c++ 
Build flags: 
Id flags: -c 

The output was:
1
/tmp/cc0wTish.s: Assembler messages:
/tmp/cc0wTish.s: Fatal error: can't write 121 bytes to section .text of CMakeCXXCompilerId.o: 'Operation not supported'
/tmp/cc0wTish.s: Fatal error: can't close CMakeCXXCompilerId.o: Operation not supported


Compiling the CXX compiler identification source file "CMakeCXXCompilerId.cpp" failed.
Compiler: /usr/bin/c++ 
Build flags: 
Id flags: --c++ 

The output was:
1
c++: error: unrecognized command line option ‘--c++’


Compiling the CXX compiler identification source file "CMakeCXXCompilerId.cpp" failed.
Compiler: /usr/bin/c++ 
Build flags: 
Id flags: --ec++ 

The output was:
1
c++: error: unrecognized command line option ‘--ec++’; did you mean ‘-Weffc++’?


Compiling the CXX compiler identification source file "CMakeCXXCompilerId.cpp" failed.
Compiler: /usr/bin/c++ 
Build flags: 
Id flags: --target=arm-arm-none-eabi;-mcpu=cortex-m3 

The output was:
1
c++: warning: ‘-mcpu=’ is deprecated; use ‘-mtune=’ or ‘-march=’ instead
c++: error: unrecognized command line option ‘--target=arm-arm-none-eabi’


Compiling the CXX compiler identification source file "CMakeCXXCompilerId.cpp" failed.
Compiler: /usr/bin/c++ 
Build flags: 
Id flags:  

The output was:
1
/usr/bin/ld: final link failed: Operation not supported
collect2: error: ld returned 1 exit status


Compiling the CXX compiler identification source file "CMakeCXXCompilerId.cpp" failed.
Compiler: /usr/bin/c++ 
Build flags: 
Id flags: -c 

The output was:
1
/tmp/ccB1fbHf.s: Assembler messages:
/tmp/ccB1fbHf.s: Fatal error: can't write 121 bytes to section .text of CMakeCXXCompilerId.o: 'Operation not supported'
/tmp/ccB1fbHf.s: Fatal error: can't close CMakeCXXCompilerId.o: Operation not supported


Compiling the CXX compiler identification source file "CMakeCXXCompilerId.cpp" failed.
Compiler: /usr/bin/c++ 
Build flags: 
Id flags: --c++ 

The output was:
1
c++: error: unrecognized command line option ‘--c++’


Compiling the CXX compiler identification source file "CMakeCXXCompilerId.cpp" failed.
Compiler: /usr/bin/c++ 
Build flags: 
Id flags: --ec++ 

The output was:
1
c++: error: unrecognized command line option ‘--ec++’; did you mean ‘-Weffc++’?


Compiling the CXX compiler identification source file "CMakeCXXCompilerId.cpp" failed.
Compiler: /usr/bin/c++ 
Build flags: 
Id flags: --target=arm-arm-none-eabi;-mcpu=cortex-m3 

The output was:
1
c++: warning: ‘-mcpu=’ is deprecated; use ‘-mtune=’ or ‘-march=’ instead
c++: error: unrecognized command line option ‘--target=arm-arm-none-eabi’


Checking whether the CXX compiler is IAR using "" did not match "IAR .+ Compiler":
c++: fatal error: no input files
compilation terminated.
Checking whether the CXX compiler is IAR using "" did not match "IAR .+ Compiler":
c++: fatal error: no input files
compilation terminated.
Determining if the C compiler works failed with the following output:
Change Dir: /run/user/1000/gvfs/smb-share:server=192.168.1.31,share=catkin_towing1/src/sti_control/build/CMakeFiles/CMakeTmp

Run Build Command(s):/usr/bin/ninja cmTC_9210b && [1/2] Building C object CMakeFiles/cmTC_9210b.dir/testCCompiler.c.o
FAILED: CMakeFiles/cmTC_9210b.dir/testCCompiler.c.o 
/usr/bin/cc    -o CMakeFiles/cmTC_9210b.dir/testCCompiler.c.o   -c testCCompiler.c
/tmp/ccyynde3.s: Assembler messages:
/tmp/ccyynde3.s: Fatal error: can't write 23 bytes to section .text of CMakeFiles/cmTC_9210b.dir/testCCompiler.c.o: 'Operation not supported'
/tmp/ccyynde3.s: Fatal error: can't close CMakeFiles/cmTC_9210b.dir/testCCompiler.c.o: Operation not supported
ninja: build stopped: subcommand failed.



Compiling the C compiler identification source file "CMakeCCompilerId.c" failed.
Compiler: /usr/bin/cc 
Build flags: 
Id flags:  

The output was:
1
/usr/bin/ld: final link failed: Operation not supported
collect2: error: ld returned 1 exit status


Compiling the C compiler identification source file "CMakeCCompilerId.c" failed.
Compiler: /usr/bin/cc 
Build flags: 
Id flags: -c 

The output was:
1
/tmp/ccfgOLLd.s: Assembler messages:
/tmp/ccfgOLLd.s: Fatal error: can't write 145 bytes to section .text of CMakeCCompilerId.o: 'Operation not supported'
/tmp/ccfgOLLd.s: Fatal error: can't close CMakeCCompilerId.o: Operation not supported


Compiling the C compiler identification source file "CMakeCCompilerId.c" failed.
Compiler: /usr/bin/cc 
Build flags: 
Id flags: -Aa 

The output was:
1
<command-line>: error: missing '(' after predicate


Compiling the C compiler identification source file "CMakeCCompilerId.c" failed.
Compiler: /usr/bin/cc 
Build flags: 
Id flags: -D__CLASSIC_C__ 

The output was:
1
/usr/bin/ld: final link failed: Operation not supported
collect2: error: ld returned 1 exit status


Compiling the C compiler identification source file "CMakeCCompilerId.c" failed.
Compiler: /usr/bin/cc 
Build flags: 
Id flags: --target=arm-arm-none-eabi;-mcpu=cortex-m3 

The output was:
1
cc: warning: ‘-mcpu=’ is deprecated; use ‘-mtune=’ or ‘-march=’ instead
cc: error: unrecognized command line option ‘--target=arm-arm-none-eabi’


Compiling the C compiler identification source file "CMakeCCompilerId.c" failed.
Compiler: /usr/bin/cc 
Build flags: 
Id flags:  

The output was:
1
/usr/bin/ld: final link failed: Operation not supported
collect2: error: ld returned 1 exit status


Compiling the C compiler identification source file "CMakeCCompilerId.c" failed.
Compiler: /usr/bin/cc 
Build flags: 
Id flags: -c 

The output was:
1
/tmp/ccwb9M6j.s: Assembler messages:
/tmp/ccwb9M6j.s: Fatal error: can't write 145 bytes to section .text of CMakeCCompilerId.o: 'Operation not supported'
/tmp/ccwb9M6j.s: Fatal error: can't close CMakeCCompilerId.o: Operation not supported


Compiling the C compiler identification source file "CMakeCCompilerId.c" failed.
Compiler: /usr/bin/cc 
Build flags: 
Id flags: -Aa 

The output was:
1
<command-line>: error: missing '(' after predicate


Compiling the C compiler identification source file "CMakeCCompilerId.c" failed.
Compiler: /usr/bin/cc 
Build flags: 
Id flags: -D__CLASSIC_C__ 

The output was:
1
/usr/bin/ld: final link failed: Operation not supported
collect2: error: ld returned 1 exit status


Compiling the C compiler identification source file "CMakeCCompilerId.c" failed.
Compiler: /usr/bin/cc 
Build flags: 
Id flags: --target=arm-arm-none-eabi;-mcpu=cortex-m3 

The output was:
1
cc: warning: ‘-mcpu=’ is deprecated; use ‘-mtune=’ or ‘-march=’ instead
cc: error: unrecognized command line option ‘--target=arm-arm-none-eabi’


Checking whether the C compiler is IAR using "" did not match "IAR .+ Compiler":
cc: fatal error: no input files
compilation terminated.
Checking whether the C compiler is IAR using "" did not match "IAR .+ Compiler":
cc: fatal error: no input files
compilation terminated.
Compiling the CXX compiler identification source file "CMakeCXXCompilerId.cpp" failed.
Compiler: /usr/bin/c++ 
Build flags: 
Id flags:  

The output was:
1
/usr/bin/ld: final link failed: Operation not supported
collect2: error: ld returned 1 exit status


Compiling the CXX compiler identification source file "CMakeCXXCompilerId.cpp" failed.
Compiler: /usr/bin/c++ 
Build flags: 
Id flags: -c 

The output was:
1
/tmp/ccnsh4A3.s: Assembler messages:
/tmp/ccnsh4A3.s: Fatal error: can't write 121 bytes to section .text of CMakeCXXCompilerId.o: 'Operation not supported'
/tmp/ccnsh4A3.s: Fatal error: can't close CMakeCXXCompilerId.o: Operation not supported


Compiling the CXX compiler identification source file "CMakeCXXCompilerId.cpp" failed.
Compiler: /usr/bin/c++ 
Build flags: 
Id flags: --c++ 

The output was:
1
c++: error: unrecognized command line option ‘--c++’


Compiling the CXX compiler identification source file "CMakeCXXCompilerId.cpp" failed.
Compiler: /usr/bin/c++ 
Build flags: 
Id flags: --ec++ 

The output was:
1
c++: error: unrecognized command line option ‘--ec++’; did you mean ‘-Weffc++’?


Compiling the CXX compiler identification source file "CMakeCXXCompilerId.cpp" failed.
Compiler: /usr/bin/c++ 
Build flags: 
Id flags: --target=arm-arm-none-eabi;-mcpu=cortex-m3 

The output was:
1
c++: warning: ‘-mcpu=’ is deprecated; use ‘-mtune=’ or ‘-march=’ instead
c++: error: unrecognized command line option ‘--target=arm-arm-none-eabi’


Compiling the CXX compiler identification source file "CMakeCXXCompilerId.cpp" failed.
Compiler: /usr/bin/c++ 
Build flags: 
Id flags:  

The output was:
1
/usr/bin/ld: final link failed: Operation not supported
collect2: error: ld returned 1 exit status


Compiling the CXX compiler identification source file "CMakeCXXCompilerId.cpp" failed.
Compiler: /usr/bin/c++ 
Build flags: 
Id flags: -c 

The output was:
1
/tmp/ccHimyms.s: Assembler messages:
/tmp/ccHimyms.s: Fatal error: can't write 121 bytes to section .text of CMakeCXXCompilerId.o: 'Operation not supported'
/tmp/ccHimyms.s: Fatal error: can't close CMakeCXXCompilerId.o: Operation not supported


Compiling the CXX compiler identification source file "CMakeCXXCompilerId.cpp" failed.
Compiler: /usr/bin/c++ 
Build flags: 
Id flags: --c++ 

The output was:
1
c++: error: unrecognized command line option ‘--c++’


Compiling the CXX compiler identification source file "CMakeCXXCompilerId.cpp" failed.
Compiler: /usr/bin/c++ 
Build flags: 
Id flags: --ec++ 

The output was:
1
c++: error: unrecognized command line option ‘--ec++’; did you mean ‘-Weffc++’?


Compiling the CXX compiler identification source file "CMakeCXXCompilerId.cpp" failed.
Compiler: /usr/bin/c++ 
Build flags: 
Id flags: --target=arm-arm-none-eabi;-mcpu=cortex-m3 

The output was:
1
c++: warning: ‘-mcpu=’ is deprecated; use ‘-mtune=’ or ‘-march=’ instead
c++: error: unrecognized command line option ‘--target=arm-arm-none-eabi’


Checking whether the CXX compiler is IAR using "" did not match "IAR .+ Compiler":
c++: fatal error: no input files
compilation terminated.
Checking whether the CXX compiler is IAR using "" did not match "IAR .+ Compiler":
c++: fatal error: no input files
compilation terminated.
Determining if the C compiler works failed with the following output:
Change Dir: /run/user/1000/gvfs/smb-share:server=192.168.1.31,share=catkin_towing1/src/sti_control/build/CMakeFiles/CMakeTmp

Run Build Command(s):/usr/bin/ninja cmTC_14db2 && [1/2] Building C object CMakeFiles/cmTC_14db2.dir/testCCompiler.c.o
FAILED: CMakeFiles/cmTC_14db2.dir/testCCompiler.c.o 
/usr/bin/cc    -o CMakeFiles/cmTC_14db2.dir/testCCompiler.c.o   -c testCCompiler.c
/tmp/ccZ8V9Ve.s: Assembler messages:
/tmp/ccZ8V9Ve.s: Fatal error: can't write 23 bytes to section .text of CMakeFiles/cmTC_14db2.dir/testCCompiler.c.o: 'Operation not supported'
/tmp/ccZ8V9Ve.s: Fatal error: can't close CMakeFiles/cmTC_14db2.dir/testCCompiler.c.o: Operation not supported
ninja: build stopped: subcommand failed.



Compiling the C compiler identification source file "CMakeCCompilerId.c" failed.
Compiler: /usr/bin/cc 
Build flags: 
Id flags:  

The output was:
1
/usr/bin/ld: final link failed: Operation not supported
collect2: error: ld returned 1 exit status


Compiling the C compiler identification source file "CMakeCCompilerId.c" failed.
Compiler: /usr/bin/cc 
Build flags: 
Id flags: -c 

The output was:
1
/tmp/ccDzelcA.s: Assembler messages:
/tmp/ccDzelcA.s: Fatal error: can't write 145 bytes to section .text of CMakeCCompilerId.o: 'Operation not supported'
/tmp/ccDzelcA.s: Fatal error: can't close CMakeCCompilerId.o: Operation not supported


Compiling the C compiler identification source file "CMakeCCompilerId.c" failed.
Compiler: /usr/bin/cc 
Build flags: 
Id flags: -Aa 

The output was:
1
<command-line>: error: missing '(' after predicate


Compiling the C compiler identification source file "CMakeCCompilerId.c" failed.
Compiler: /usr/bin/cc 
Build flags: 
Id flags: -D__CLASSIC_C__ 

The output was:
1
/usr/bin/ld: final link failed: Operation not supported
collect2: error: ld returned 1 exit status


Compiling the C compiler identification source file "CMakeCCompilerId.c" failed.
Compiler: /usr/bin/cc 
Build flags: 
Id flags: --target=arm-arm-none-eabi;-mcpu=cortex-m3 

The output was:
1
cc: warning: ‘-mcpu=’ is deprecated; use ‘-mtune=’ or ‘-march=’ instead
cc: error: unrecognized command line option ‘--target=arm-arm-none-eabi’


Compiling the C compiler identification source file "CMakeCCompilerId.c" failed.
Compiler: /usr/bin/cc 
Build flags: 
Id flags:  

The output was:
1
/usr/bin/ld: final link failed: Operation not supported
collect2: error: ld returned 1 exit status


Compiling the C compiler identification source file "CMakeCCompilerId.c" failed.
Compiler: /usr/bin/cc 
Build flags: 
Id flags: -c 

The output was:
1
/tmp/ccqI5B57.s: Assembler messages:
/tmp/ccqI5B57.s: Fatal error: can't write 145 bytes to section .text of CMakeCCompilerId.o: 'Operation not supported'
/tmp/ccqI5B57.s: Fatal error: can't close CMakeCCompilerId.o: Operation not supported


Compiling the C compiler identification source file "CMakeCCompilerId.c" failed.
Compiler: /usr/bin/cc 
Build flags: 
Id flags: -Aa 

The output was:
1
<command-line>: error: missing '(' after predicate


Compiling the C compiler identification source file "CMakeCCompilerId.c" failed.
Compiler: /usr/bin/cc 
Build flags: 
Id flags: -D__CLASSIC_C__ 

The output was:
1
/usr/bin/ld: final link failed: Operation not supported
collect2: error: ld returned 1 exit status


Compiling the C compiler identification source file "CMakeCCompilerId.c" failed.
Compiler: /usr/bin/cc 
Build flags: 
Id flags: --target=arm-arm-none-eabi;-mcpu=cortex-m3 

The output was:
1
cc: warning: ‘-mcpu=’ is deprecated; use ‘-mtune=’ or ‘-march=’ instead
cc: error: unrecognized command line option ‘--target=arm-arm-none-eabi’


Checking whether the C compiler is IAR using "" did not match "IAR .+ Compiler":
cc: fatal error: no input files
compilation terminated.
Checking whether the C compiler is IAR using "" did not match "IAR .+ Compiler":
cc: fatal error: no input files
compilation terminated.
Compiling the CXX compiler identification source file "CMakeCXXCompilerId.cpp" failed.
Compiler: /usr/bin/c++ 
Build flags: 
Id flags:  

The output was:
1
/usr/bin/ld: final link failed: Operation not supported
collect2: error: ld returned 1 exit status


Compiling the CXX compiler identification source file "CMakeCXXCompilerId.cpp" failed.
Compiler: /usr/bin/c++ 
Build flags: 
Id flags: -c 

The output was:
1
/tmp/ccRCQ5vI.s: Assembler messages:
/tmp/ccRCQ5vI.s: Fatal error: can't write 121 bytes to section .text of CMakeCXXCompilerId.o: 'Operation not supported'
/tmp/ccRCQ5vI.s: Fatal error: can't close CMakeCXXCompilerId.o: Operation not supported


Compiling the CXX compiler identification source file "CMakeCXXCompilerId.cpp" failed.
Compiler: /usr/bin/c++ 
Build flags: 
Id flags: --c++ 

The output was:
1
c++: error: unrecognized command line option ‘--c++’


Compiling the CXX compiler identification source file "CMakeCXXCompilerId.cpp" failed.
Compiler: /usr/bin/c++ 
Build flags: 
Id flags: --ec++ 

The output was:
1
c++: error: unrecognized command line option ‘--ec++’; did you mean ‘-Weffc++’?


Compiling the CXX compiler identification source file "CMakeCXXCompilerId.cpp" failed.
Compiler: /usr/bin/c++ 
Build flags: 
Id flags: --target=arm-arm-none-eabi;-mcpu=cortex-m3 

The output was:
1
c++: warning: ‘-mcpu=’ is deprecated; use ‘-mtune=’ or ‘-march=’ instead
c++: error: unrecognized command line option ‘--target=arm-arm-none-eabi’


Compiling the CXX compiler identification source file "CMakeCXXCompilerId.cpp" failed.
Compiler: /usr/bin/c++ 
Build flags: 
Id flags:  

The output was:
1
/usr/bin/ld: final link failed: Operation not supported
collect2: error: ld returned 1 exit status


Compiling the CXX compiler identification source file "CMakeCXXCompilerId.cpp" failed.
Compiler: /usr/bin/c++ 
Build flags: 
Id flags: -c 

The output was:
1
/tmp/ccphG3eO.s: Assembler messages:
/tmp/ccphG3eO.s: Fatal error: can't write 121 bytes to section .text of CMakeCXXCompilerId.o: 'Operation not supported'
/tmp/ccphG3eO.s: Fatal error: can't close CMakeCXXCompilerId.o: Operation not supported


Compiling the CXX compiler identification source file "CMakeCXXCompilerId.cpp" failed.
Compiler: /usr/bin/c++ 
Build flags: 
Id flags: --c++ 

The output was:
1
c++: error: unrecognized command line option ‘--c++’


Compiling the CXX compiler identification source file "CMakeCXXCompilerId.cpp" failed.
Compiler: /usr/bin/c++ 
Build flags: 
Id flags: --ec++ 

The output was:
1
c++: error: unrecognized command line option ‘--ec++’; did you mean ‘-Weffc++’?


Compiling the CXX compiler identification source file "CMakeCXXCompilerId.cpp" failed.
Compiler: /usr/bin/c++ 
Build flags: 
Id flags: --target=arm-arm-none-eabi;-mcpu=cortex-m3 

The output was:
1
c++: warning: ‘-mcpu=’ is deprecated; use ‘-mtune=’ or ‘-march=’ instead
c++: error: unrecognized command line option ‘--target=arm-arm-none-eabi’


Checking whether the CXX compiler is IAR using "" did not match "IAR .+ Compiler":
c++: fatal error: no input files
compilation terminated.
Checking whether the CXX compiler is IAR using "" did not match "IAR .+ Compiler":
c++: fatal error: no input files
compilation terminated.
Determining if the C compiler works failed with the following output:
Change Dir: /run/user/1000/gvfs/smb-share:server=192.168.1.31,share=catkin_towing1/src/sti_control/build/CMakeFiles/CMakeTmp

Run Build Command(s):/usr/bin/ninja cmTC_fa767 && [1/2] Building C object CMakeFiles/cmTC_fa767.dir/testCCompiler.c.o
FAILED: CMakeFiles/cmTC_fa767.dir/testCCompiler.c.o 
/usr/bin/cc    -o CMakeFiles/cmTC_fa767.dir/testCCompiler.c.o   -c testCCompiler.c
/tmp/ccTxJbBc.s: Assembler messages:
/tmp/ccTxJbBc.s: Fatal error: can't write 23 bytes to section .text of CMakeFiles/cmTC_fa767.dir/testCCompiler.c.o: 'Operation not supported'
/tmp/ccTxJbBc.s: Fatal error: can't close CMakeFiles/cmTC_fa767.dir/testCCompiler.c.o: Operation not supported
ninja: build stopped: subcommand failed.



Compiling the C compiler identification source file "CMakeCCompilerId.c" failed.
Compiler: /usr/bin/cc 
Build flags: 
Id flags:  

The output was:
1
/usr/bin/ld: final link failed: Operation not supported
collect2: error: ld returned 1 exit status


Compiling the C compiler identification source file "CMakeCCompilerId.c" failed.
Compiler: /usr/bin/cc 
Build flags: 
Id flags: -c 

The output was:
1
/tmp/cc3QcOYc.s: Assembler messages:
/tmp/cc3QcOYc.s: Fatal error: can't write 145 bytes to section .text of CMakeCCompilerId.o: 'Operation not supported'
/tmp/cc3QcOYc.s: Fatal error: can't close CMakeCCompilerId.o: Operation not supported


Compiling the C compiler identification source file "CMakeCCompilerId.c" failed.
Compiler: /usr/bin/cc 
Build flags: 
Id flags: -Aa 

The output was:
1
<command-line>: error: missing '(' after predicate


Compiling the C compiler identification source file "CMakeCCompilerId.c" failed.
Compiler: /usr/bin/cc 
Build flags: 
Id flags: -D__CLASSIC_C__ 

The output was:
1
/usr/bin/ld: final link failed: Operation not supported
collect2: error: ld returned 1 exit status


Compiling the C compiler identification source file "CMakeCCompilerId.c" failed.
Compiler: /usr/bin/cc 
Build flags: 
Id flags: --target=arm-arm-none-eabi;-mcpu=cortex-m3 

The output was:
1
cc: warning: ‘-mcpu=’ is deprecated; use ‘-mtune=’ or ‘-march=’ instead
cc: error: unrecognized command line option ‘--target=arm-arm-none-eabi’


Compiling the C compiler identification source file "CMakeCCompilerId.c" failed.
Compiler: /usr/bin/cc 
Build flags: 
Id flags:  

The output was:
1
/usr/bin/ld: final link failed: Operation not supported
collect2: error: ld returned 1 exit status


Compiling the C compiler identification source file "CMakeCCompilerId.c" failed.
Compiler: /usr/bin/cc 
Build flags: 
Id flags: -c 

The output was:
1
/tmp/ccv3aUFv.s: Assembler messages:
/tmp/ccv3aUFv.s: Fatal error: can't write 145 bytes to section .text of CMakeCCompilerId.o: 'Operation not supported'
/tmp/ccv3aUFv.s: Fatal error: can't close CMakeCCompilerId.o: Operation not supported


Compiling the C compiler identification source file "CMakeCCompilerId.c" failed.
Compiler: /usr/bin/cc 
Build flags: 
Id flags: -Aa 

The output was:
1
<command-line>: error: missing '(' after predicate


Compiling the C compiler identification source file "CMakeCCompilerId.c" failed.
Compiler: /usr/bin/cc 
Build flags: 
Id flags: -D__CLASSIC_C__ 

The output was:
1
/usr/bin/ld: final link failed: Operation not supported
collect2: error: ld returned 1 exit status


Compiling the C compiler identification source file "CMakeCCompilerId.c" failed.
Compiler: /usr/bin/cc 
Build flags: 
Id flags: --target=arm-arm-none-eabi;-mcpu=cortex-m3 

The output was:
1
cc: warning: ‘-mcpu=’ is deprecated; use ‘-mtune=’ or ‘-march=’ instead
cc: error: unrecognized command line option ‘--target=arm-arm-none-eabi’


Checking whether the C compiler is IAR using "" did not match "IAR .+ Compiler":
cc: fatal error: no input files
compilation terminated.
Checking whether the C compiler is IAR using "" did not match "IAR .+ Compiler":
cc: fatal error: no input files
compilation terminated.
Compiling the CXX compiler identification source file "CMakeCXXCompilerId.cpp" failed.
Compiler: /usr/bin/c++ 
Build flags: 
Id flags:  

The output was:
1
/usr/bin/ld: final link failed: Operation not supported
collect2: error: ld returned 1 exit status


Compiling the CXX compiler identification source file "CMakeCXXCompilerId.cpp" failed.
Compiler: /usr/bin/c++ 
Build flags: 
Id flags: -c 

The output was:
1
/tmp/cctxbRjd.s: Assembler messages:
/tmp/cctxbRjd.s: Fatal error: can't write 121 bytes to section .text of CMakeCXXCompilerId.o: 'Operation not supported'
/tmp/cctxbRjd.s: Fatal error: can't close CMakeCXXCompilerId.o: Operation not supported


Compiling the CXX compiler identification source file "CMakeCXXCompilerId.cpp" failed.
Compiler: /usr/bin/c++ 
Build flags: 
Id flags: --c++ 

The output was:
1
c++: error: unrecognized command line option ‘--c++’


Compiling the CXX compiler identification source file "CMakeCXXCompilerId.cpp" failed.
Compiler: /usr/bin/c++ 
Build flags: 
Id flags: --ec++ 

The output was:
1
c++: error: unrecognized command line option ‘--ec++’; did you mean ‘-Weffc++’?


Compiling the CXX compiler identification source file "CMakeCXXCompilerId.cpp" failed.
Compiler: /usr/bin/c++ 
Build flags: 
Id flags: --target=arm-arm-none-eabi;-mcpu=cortex-m3 

The output was:
1
c++: warning: ‘-mcpu=’ is deprecated; use ‘-mtune=’ or ‘-march=’ instead
c++: error: unrecognized command line option ‘--target=arm-arm-none-eabi’


Compiling the CXX compiler identification source file "CMakeCXXCompilerId.cpp" failed.
Compiler: /usr/bin/c++ 
Build flags: 
Id flags:  

The output was:
1
/usr/bin/ld: final link failed: Operation not supported
collect2: error: ld returned 1 exit status


Compiling the CXX compiler identification source file "CMakeCXXCompilerId.cpp" failed.
Compiler: /usr/bin/c++ 
Build flags: 
Id flags: -c 

The output was:
1
/tmp/cc1akWzx.s: Assembler messages:
/tmp/cc1akWzx.s: Fatal error: can't write 121 bytes to section .text of CMakeCXXCompilerId.o: 'Operation not supported'
/tmp/cc1akWzx.s: Fatal error: can't close CMakeCXXCompilerId.o: Operation not supported


Compiling the CXX compiler identification source file "CMakeCXXCompilerId.cpp" failed.
Compiler: /usr/bin/c++ 
Build flags: 
Id flags: --c++ 

The output was:
1
c++: error: unrecognized command line option ‘--c++’


Compiling the CXX compiler identification source file "CMakeCXXCompilerId.cpp" failed.
Compiler: /usr/bin/c++ 
Build flags: 
Id flags: --ec++ 

The output was:
1
c++: error: unrecognized command line option ‘--ec++’; did you mean ‘-Weffc++’?


Compiling the CXX compiler identification source file "CMakeCXXCompilerId.cpp" failed.
Compiler: /usr/bin/c++ 
Build flags: 
Id flags: --target=arm-arm-none-eabi;-mcpu=cortex-m3 

The output was:
1
c++: warning: ‘-mcpu=’ is deprecated; use ‘-mtune=’ or ‘-march=’ instead
c++: error: unrecognized command line option ‘--target=arm-arm-none-eabi’


Checking whether the CXX compiler is IAR using "" did not match "IAR .+ Compiler":
c++: fatal error: no input files
compilation terminated.
Checking whether the CXX compiler is IAR using "" did not match "IAR .+ Compiler":
c++: fatal error: no input files
compilation terminated.
Determining if the C compiler works failed with the following output:
Change Dir: /run/user/1000/gvfs/smb-share:server=192.168.1.31,share=catkin_towing1/src/sti_control/build/CMakeFiles/CMakeTmp

Run Build Command(s):/usr/bin/ninja cmTC_5de8d && [1/2] Building C object CMakeFiles/cmTC_5de8d.dir/testCCompiler.c.o
FAILED: CMakeFiles/cmTC_5de8d.dir/testCCompiler.c.o 
/usr/bin/cc    -o CMakeFiles/cmTC_5de8d.dir/testCCompiler.c.o   -c testCCompiler.c
/tmp/ccPXDVNF.s: Assembler messages:
/tmp/ccPXDVNF.s: Fatal error: can't write 23 bytes to section .text of CMakeFiles/cmTC_5de8d.dir/testCCompiler.c.o: 'Operation not supported'
/tmp/ccPXDVNF.s: Fatal error: can't close CMakeFiles/cmTC_5de8d.dir/testCCompiler.c.o: Operation not supported
ninja: build stopped: subcommand failed.



Compiling the C compiler identification source file "CMakeCCompilerId.c" failed.
Compiler: /usr/bin/cc 
Build flags: 
Id flags:  

The output was:
1
/usr/bin/ld: final link failed: Operation not supported
collect2: error: ld returned 1 exit status


Compiling the C compiler identification source file "CMakeCCompilerId.c" failed.
Compiler: /usr/bin/cc 
Build flags: 
Id flags: -c 

The output was:
1
/tmp/ccnWxQOd.s: Assembler messages:
/tmp/ccnWxQOd.s: Fatal error: can't write 145 bytes to section .text of CMakeCCompilerId.o: 'Operation not supported'
/tmp/ccnWxQOd.s: Fatal error: can't close CMakeCCompilerId.o: Operation not supported


Compiling the C compiler identification source file "CMakeCCompilerId.c" failed.
Compiler: /usr/bin/cc 
Build flags: 
Id flags: -Aa 

The output was:
1
<command-line>: error: missing '(' after predicate


Compiling the C compiler identification source file "CMakeCCompilerId.c" failed.
Compiler: /usr/bin/cc 
Build flags: 
Id flags: -D__CLASSIC_C__ 

The output was:
1
/usr/bin/ld: final link failed: Operation not supported
collect2: error: ld returned 1 exit status


Compiling the C compiler identification source file "CMakeCCompilerId.c" failed.
Compiler: /usr/bin/cc 
Build flags: 
Id flags: --target=arm-arm-none-eabi;-mcpu=cortex-m3 

The output was:
1
cc: warning: ‘-mcpu=’ is deprecated; use ‘-mtune=’ or ‘-march=’ instead
cc: error: unrecognized command line option ‘--target=arm-arm-none-eabi’


Compiling the C compiler identification source file "CMakeCCompilerId.c" failed.
Compiler: /usr/bin/cc 
Build flags: 
Id flags:  

The output was:
1
/usr/bin/ld: final link failed: Operation not supported
collect2: error: ld returned 1 exit status


Compiling the C compiler identification source file "CMakeCCompilerId.c" failed.
Compiler: /usr/bin/cc 
Build flags: 
Id flags: -c 

The output was:
1
/tmp/ccYOGnEi.s: Assembler messages:
/tmp/ccYOGnEi.s: Fatal error: can't write 145 bytes to section .text of CMakeCCompilerId.o: 'Operation not supported'
/tmp/ccYOGnEi.s: Fatal error: can't close CMakeCCompilerId.o: Operation not supported


Compiling the C compiler identification source file "CMakeCCompilerId.c" failed.
Compiler: /usr/bin/cc 
Build flags: 
Id flags: -Aa 

The output was:
1
<command-line>: error: missing '(' after predicate


Compiling the C compiler identification source file "CMakeCCompilerId.c" failed.
Compiler: /usr/bin/cc 
Build flags: 
Id flags: -D__CLASSIC_C__ 

The output was:
1
/usr/bin/ld: final link failed: Operation not supported
collect2: error: ld returned 1 exit status


Compiling the C compiler identification source file "CMakeCCompilerId.c" failed.
Compiler: /usr/bin/cc 
Build flags: 
Id flags: --target=arm-arm-none-eabi;-mcpu=cortex-m3 

The output was:
1
cc: warning: ‘-mcpu=’ is deprecated; use ‘-mtune=’ or ‘-march=’ instead
cc: error: unrecognized command line option ‘--target=arm-arm-none-eabi’


Checking whether the C compiler is IAR using "" did not match "IAR .+ Compiler":
cc: fatal error: no input files
compilation terminated.
Checking whether the C compiler is IAR using "" did not match "IAR .+ Compiler":
cc: fatal error: no input files
compilation terminated.
Compiling the CXX compiler identification source file "CMakeCXXCompilerId.cpp" failed.
Compiler: /usr/bin/c++ 
Build flags: 
Id flags:  

The output was:
1
/usr/bin/ld: final link failed: Operation not supported
collect2: error: ld returned 1 exit status


Compiling the CXX compiler identification source file "CMakeCXXCompilerId.cpp" failed.
Compiler: /usr/bin/c++ 
Build flags: 
Id flags: -c 

The output was:
1
/tmp/ccB8MOnI.s: Assembler messages:
/tmp/ccB8MOnI.s: Fatal error: can't write 121 bytes to section .text of CMakeCXXCompilerId.o: 'Operation not supported'
/tmp/ccB8MOnI.s: Fatal error: can't close CMakeCXXCompilerId.o: Operation not supported


Compiling the CXX compiler identification source file "CMakeCXXCompilerId.cpp" failed.
Compiler: /usr/bin/c++ 
Build flags: 
Id flags: --c++ 

The output was:
1
c++: error: unrecognized command line option ‘--c++’


Compiling the CXX compiler identification source file "CMakeCXXCompilerId.cpp" failed.
Compiler: /usr/bin/c++ 
Build flags: 
Id flags: --ec++ 

The output was:
1
c++: error: unrecognized command line option ‘--ec++’; did you mean ‘-Weffc++’?


Compiling the CXX compiler identification source file "CMakeCXXCompilerId.cpp" failed.
Compiler: /usr/bin/c++ 
Build flags: 
Id flags: --target=arm-arm-none-eabi;-mcpu=cortex-m3 

The output was:
1
c++: warning: ‘-mcpu=’ is deprecated; use ‘-mtune=’ or ‘-march=’ instead
c++: error: unrecognized command line option ‘--target=arm-arm-none-eabi’


Compiling the CXX compiler identification source file "CMakeCXXCompilerId.cpp" failed.
Compiler: /usr/bin/c++ 
Build flags: 
Id flags:  

The output was:
1
/usr/bin/ld: final link failed: Operation not supported
collect2: error: ld returned 1 exit status


Compiling the CXX compiler identification source file "CMakeCXXCompilerId.cpp" failed.
Compiler: /usr/bin/c++ 
Build flags: 
Id flags: -c 

The output was:
1
/tmp/ccb1Q7FO.s: Assembler messages:
/tmp/ccb1Q7FO.s: Fatal error: can't write 121 bytes to section .text of CMakeCXXCompilerId.o: 'Operation not supported'
/tmp/ccb1Q7FO.s: Fatal error: can't close CMakeCXXCompilerId.o: Operation not supported


Compiling the CXX compiler identification source file "CMakeCXXCompilerId.cpp" failed.
Compiler: /usr/bin/c++ 
Build flags: 
Id flags: --c++ 

The output was:
1
c++: error: unrecognized command line option ‘--c++’


Compiling the CXX compiler identification source file "CMakeCXXCompilerId.cpp" failed.
Compiler: /usr/bin/c++ 
Build flags: 
Id flags: --ec++ 

The output was:
1
c++: error: unrecognized command line option ‘--ec++’; did you mean ‘-Weffc++’?


Compiling the CXX compiler identification source file "CMakeCXXCompilerId.cpp" failed.
Compiler: /usr/bin/c++ 
Build flags: 
Id flags: --target=arm-arm-none-eabi;-mcpu=cortex-m3 

The output was:
1
c++: warning: ‘-mcpu=’ is deprecated; use ‘-mtune=’ or ‘-march=’ instead
c++: error: unrecognized command line option ‘--target=arm-arm-none-eabi’


Checking whether the CXX compiler is IAR using "" did not match "IAR .+ Compiler":
c++: fatal error: no input files
compilation terminated.
Checking whether the CXX compiler is IAR using "" did not match "IAR .+ Compiler":
c++: fatal error: no input files
compilation terminated.
Determining if the C compiler works failed with the following output:
Change Dir: /run/user/1000/gvfs/smb-share:server=192.168.1.31,share=catkin_towing1/src/sti_control/build/CMakeFiles/CMakeTmp

Run Build Command(s):/usr/bin/ninja cmTC_8c3aa && [1/2] Building C object CMakeFiles/cmTC_8c3aa.dir/testCCompiler.c.o
FAILED: CMakeFiles/cmTC_8c3aa.dir/testCCompiler.c.o 
/usr/bin/cc    -o CMakeFiles/cmTC_8c3aa.dir/testCCompiler.c.o   -c testCCompiler.c
/tmp/ccyc07C2.s: Assembler messages:
/tmp/ccyc07C2.s: Fatal error: can't write 23 bytes to section .text of CMakeFiles/cmTC_8c3aa.dir/testCCompiler.c.o: 'Operation not supported'
/tmp/ccyc07C2.s: Fatal error: can't close CMakeFiles/cmTC_8c3aa.dir/testCCompiler.c.o: Operation not supported
ninja: build stopped: subcommand failed.



Compiling the C compiler identification source file "CMakeCCompilerId.c" failed.
Compiler: /usr/bin/cc 
Build flags: 
Id flags:  

The output was:
1
/usr/bin/ld: final link failed: Operation not supported
collect2: error: ld returned 1 exit status


Compiling the C compiler identification source file "CMakeCCompilerId.c" failed.
Compiler: /usr/bin/cc 
Build flags: 
Id flags: -c 

The output was:
1
/tmp/ccS6ELDb.s: Assembler messages:
/tmp/ccS6ELDb.s: Fatal error: can't write 145 bytes to section .text of CMakeCCompilerId.o: 'Operation not supported'
/tmp/ccS6ELDb.s: Fatal error: can't close CMakeCCompilerId.o: Operation not supported


Compiling the C compiler identification source file "CMakeCCompilerId.c" failed.
Compiler: /usr/bin/cc 
Build flags: 
Id flags: -Aa 

The output was:
1
<command-line>: error: missing '(' after predicate


Compiling the C compiler identification source file "CMakeCCompilerId.c" failed.
Compiler: /usr/bin/cc 
Build flags: 
Id flags: -D__CLASSIC_C__ 

The output was:
1
/usr/bin/ld: final link failed: Operation not supported
collect2: error: ld returned 1 exit status


Compiling the C compiler identification source file "CMakeCCompilerId.c" failed.
Compiler: /usr/bin/cc 
Build flags: 
Id flags: --target=arm-arm-none-eabi;-mcpu=cortex-m3 

The output was:
1
cc: warning: ‘-mcpu=’ is deprecated; use ‘-mtune=’ or ‘-march=’ instead
cc: error: unrecognized command line option ‘--target=arm-arm-none-eabi’


Compiling the C compiler identification source file "CMakeCCompilerId.c" failed.
Compiler: /usr/bin/cc 
Build flags: 
Id flags:  

The output was:
1
/usr/bin/ld: final link failed: Operation not supported
collect2: error: ld returned 1 exit status


Compiling the C compiler identification source file "CMakeCCompilerId.c" failed.
Compiler: /usr/bin/cc 
Build flags: 
Id flags: -c 

The output was:
1
/tmp/cca33PRw.s: Assembler messages:
/tmp/cca33PRw.s: Fatal error: can't write 145 bytes to section .text of CMakeCCompilerId.o: 'Operation not supported'
/tmp/cca33PRw.s: Fatal error: can't close CMakeCCompilerId.o: Operation not supported


Compiling the C compiler identification source file "CMakeCCompilerId.c" failed.
Compiler: /usr/bin/cc 
Build flags: 
Id flags: -Aa 

The output was:
1
<command-line>: error: missing '(' after predicate


Compiling the C compiler identification source file "CMakeCCompilerId.c" failed.
Compiler: /usr/bin/cc 
Build flags: 
Id flags: -D__CLASSIC_C__ 

The output was:
1
/usr/bin/ld: final link failed: Operation not supported
collect2: error: ld returned 1 exit status


Compiling the C compiler identification source file "CMakeCCompilerId.c" failed.
Compiler: /usr/bin/cc 
Build flags: 
Id flags: --target=arm-arm-none-eabi;-mcpu=cortex-m3 

The output was:
1
cc: warning: ‘-mcpu=’ is deprecated; use ‘-mtune=’ or ‘-march=’ instead
cc: error: unrecognized command line option ‘--target=arm-arm-none-eabi’


Checking whether the C compiler is IAR using "" did not match "IAR .+ Compiler":
cc: fatal error: no input files
compilation terminated.
Checking whether the C compiler is IAR using "" did not match "IAR .+ Compiler":
cc: fatal error: no input files
compilation terminated.
Compiling the CXX compiler identification source file "CMakeCXXCompilerId.cpp" failed.
Compiler: /usr/bin/c++ 
Build flags: 
Id flags:  

The output was:
1
/usr/bin/ld: final link failed: Operation not supported
collect2: error: ld returned 1 exit status


Compiling the CXX compiler identification source file "CMakeCXXCompilerId.cpp" failed.
Compiler: /usr/bin/c++ 
Build flags: 
Id flags: -c 

The output was:
1
/tmp/cc23PHmj.s: Assembler messages:
/tmp/cc23PHmj.s: Fatal error: can't write 121 bytes to section .text of CMakeCXXCompilerId.o: 'Operation not supported'
/tmp/cc23PHmj.s: Fatal error: can't close CMakeCXXCompilerId.o: Operation not supported


Compiling the CXX compiler identification source file "CMakeCXXCompilerId.cpp" failed.
Compiler: /usr/bin/c++ 
Build flags: 
Id flags: --c++ 

The output was:
1
c++: error: unrecognized command line option ‘--c++’


Compiling the CXX compiler identification source file "CMakeCXXCompilerId.cpp" failed.
Compiler: /usr/bin/c++ 
Build flags: 
Id flags: --ec++ 

The output was:
1
c++: error: unrecognized command line option ‘--ec++’; did you mean ‘-Weffc++’?


Compiling the CXX compiler identification source file "CMakeCXXCompilerId.cpp" failed.
Compiler: /usr/bin/c++ 
Build flags: 
Id flags: --target=arm-arm-none-eabi;-mcpu=cortex-m3 

The output was:
1
c++: warning: ‘-mcpu=’ is deprecated; use ‘-mtune=’ or ‘-march=’ instead
c++: error: unrecognized command line option ‘--target=arm-arm-none-eabi’


Compiling the CXX compiler identification source file "CMakeCXXCompilerId.cpp" failed.
Compiler: /usr/bin/c++ 
Build flags: 
Id flags:  

The output was:
1
/usr/bin/ld: final link failed: Operation not supported
collect2: error: ld returned 1 exit status


Compiling the CXX compiler identification source file "CMakeCXXCompilerId.cpp" failed.
Compiler: /usr/bin/c++ 
Build flags: 
Id flags: -c 

The output was:
1
/tmp/cco8NdPk.s: Assembler messages:
/tmp/cco8NdPk.s: Fatal error: can't write 121 bytes to section .text of CMakeCXXCompilerId.o: 'Operation not supported'
/tmp/cco8NdPk.s: Fatal error: can't close CMakeCXXCompilerId.o: Operation not supported


Compiling the CXX compiler identification source file "CMakeCXXCompilerId.cpp" failed.
Compiler: /usr/bin/c++ 
Build flags: 
Id flags: --c++ 

The output was:
1
c++: error: unrecognized command line option ‘--c++’


Compiling the CXX compiler identification source file "CMakeCXXCompilerId.cpp" failed.
Compiler: /usr/bin/c++ 
Build flags: 
Id flags: --ec++ 

The output was:
1
c++: error: unrecognized command line option ‘--ec++’; did you mean ‘-Weffc++’?


Compiling the CXX compiler identification source file "CMakeCXXCompilerId.cpp" failed.
Compiler: /usr/bin/c++ 
Build flags: 
Id flags: --target=arm-arm-none-eabi;-mcpu=cortex-m3 

The output was:
1
c++: warning: ‘-mcpu=’ is deprecated; use ‘-mtune=’ or ‘-march=’ instead
c++: error: unrecognized command line option ‘--target=arm-arm-none-eabi’


Checking whether the CXX compiler is IAR using "" did not match "IAR .+ Compiler":
c++: fatal error: no input files
compilation terminated.
Checking whether the CXX compiler is IAR using "" did not match "IAR .+ Compiler":
c++: fatal error: no input files
compilation terminated.
Determining if the C compiler works failed with the following output:
Change Dir: /run/user/1000/gvfs/smb-share:server=192.168.1.31,share=catkin_towing1/src/sti_control/build/CMakeFiles/CMakeTmp

Run Build Command(s):/usr/bin/ninja cmTC_e0ede && [1/2] Building C object CMakeFiles/cmTC_e0ede.dir/testCCompiler.c.o
FAILED: CMakeFiles/cmTC_e0ede.dir/testCCompiler.c.o 
/usr/bin/cc    -o CMakeFiles/cmTC_e0ede.dir/testCCompiler.c.o   -c testCCompiler.c
/tmp/ccqKdIFn.s: Assembler messages:
/tmp/ccqKdIFn.s: Fatal error: can't write 23 bytes to section .text of CMakeFiles/cmTC_e0ede.dir/testCCompiler.c.o: 'Operation not supported'
/tmp/ccqKdIFn.s: Fatal error: can't close CMakeFiles/cmTC_e0ede.dir/testCCompiler.c.o: Operation not supported
ninja: build stopped: subcommand failed.



